2024-06-29 17:56:55.555 [info] Log level: Info
2024-06-29 17:56:55.555 [info] Validating found git in: "git"
2024-06-29 17:56:55.555 [info] Using git "2.43.0" from "git"
2024-06-29 17:56:55.555 [info] > git rev-parse --show-toplevel [4ms]
2024-06-29 17:56:55.555 [info] > git rev-parse --git-dir --git-common-dir [2ms]
2024-06-29 17:56:55.555 [info] Open repository: /workspace/project
2024-06-29 17:56:55.555 [info] > git config --get commit.template [5ms]
2024-06-29 17:56:55.555 [info] > git rev-parse --show-toplevel [2ms]
2024-06-29 17:56:55.555 [info] > git for-each-ref --format=%(refname)%00%(upstream:short)%00%(objectname)%00%(upstream:track)%00%(upstream:remotename)%00%(upstream:remoteref) refs/heads/main refs/remotes/main [5ms]
2024-06-29 17:56:55.555 [warning] ENOENT: no such file or directory, open '/workspace/project/.git/refs/remotes/origin/main'
2024-06-29 17:56:55.555 [info] > git rev-parse --show-toplevel [6ms]
2024-06-29 17:56:55.555 [info] > git rev-parse refs/remotes/origin/main [1ms]
2024-06-29 17:56:55.555 [info] > git status -z -uall [2ms]
2024-06-29 17:56:55.555 [info] > git merge-base refs/heads/main refs/remotes/origin/main [10ms]
2024-06-29 17:56:55.555 [info] > git config --get commit.template [6ms]
2024-06-29 17:56:55.555 [info] > git rev-list --count --left-right refs/heads/main...refs/remotes/origin/main [6ms]
2024-06-29 17:56:55.555 [info] > git for-each-ref --format=%(refname)%00%(upstream:short)%00%(objectname)%00%(upstream:track)%00%(upstream:remotename)%00%(upstream:remoteref) refs/heads/main refs/remotes/main [10ms]
2024-06-29 17:56:55.555 [info] > git diff --name-status -z --diff-filter=ADMR 2fcff2b115948f14bed2497711dfaacdf83fb6c6...refs/remotes/origin/main [6ms]
2024-06-29 17:56:55.555 [warning] ENOENT: no such file or directory, open '/workspace/project/.git/refs/remotes/origin/main'
2024-06-29 17:56:55.555 [info] > git rev-parse refs/remotes/origin/main [112ms]
2024-06-29 17:56:55.555 [info] > git status -z -uall [14ms]
2024-06-29 17:56:56.768 [info] > git config --local branch.main.github-pr-owner-number [2ms]
2024-06-29 17:56:56.768 [warning] git config failed: Failed to execute git
2024-06-29 17:56:56.987 [info] > git config --get commit.template [6ms]
2024-06-29 17:56:56.988 [info] > git for-each-ref --format=%(refname)%00%(upstream:short)%00%(objectname)%00%(upstream:track)%00%(upstream:remotename)%00%(upstream:remoteref) refs/heads/main refs/remotes/main [2ms]
2024-06-29 17:56:56.993 [warning] ENOENT: no such file or directory, open '/workspace/project/.git/refs/remotes/origin/main'
2024-06-29 17:56:56.994 [info] > git rev-parse refs/remotes/origin/main [1ms]
2024-06-29 17:56:57.001 [info] > git status -z -uall [2ms]
2024-06-29 17:57:09.657 [info] > git check-ignore -v -z --stdin [2ms]
2024-06-29 17:57:09.876 [info] > git config --get commit.template [6ms]
2024-06-29 17:57:09.877 [info] > git for-each-ref --format=%(refname)%00%(upstream:short)%00%(objectname)%00%(upstream:track)%00%(upstream:remotename)%00%(upstream:remoteref) refs/heads/main refs/remotes/main [2ms]
2024-06-29 17:57:09.882 [warning] ENOENT: no such file or directory, open '/workspace/project/.git/refs/remotes/origin/main'
2024-06-29 17:57:09.883 [info] > git rev-parse refs/remotes/origin/main [1ms]
2024-06-29 17:57:09.890 [info] > git status -z -uall [2ms]
2024-06-29 17:57:09.898 [info] > git merge-base refs/heads/main refs/remotes/origin/main [2ms]
2024-06-29 17:57:09.905 [info] > git rev-list --count --left-right refs/heads/main...refs/remotes/origin/main [3ms]
2024-06-29 17:57:09.912 [info] > git diff --name-status -z --diff-filter=ADMR 2fcff2b115948f14bed2497711dfaacdf83fb6c6...refs/remotes/origin/main [3ms]
2024-06-29 17:57:09.980 [info] > git config --local branch.main.github-pr-owner-number [1ms]
2024-06-29 17:57:09.981 [warning] git config failed: Failed to execute git
2024-06-29 17:57:14.910 [info] > git config --get commit.template [6ms]
2024-06-29 17:57:14.912 [info] > git for-each-ref --format=%(refname)%00%(upstream:short)%00%(objectname)%00%(upstream:track)%00%(upstream:remotename)%00%(upstream:remoteref) refs/heads/main refs/remotes/main [3ms]
2024-06-29 17:57:14.917 [warning] ENOENT: no such file or directory, open '/workspace/project/.git/refs/remotes/origin/main'
2024-06-29 17:57:14.918 [info] > git rev-parse refs/remotes/origin/main [1ms]
2024-06-29 17:57:14.925 [info] > git status -z -uall [2ms]
2024-06-29 17:57:14.933 [info] > git merge-base refs/heads/main refs/remotes/origin/main [3ms]
2024-06-29 17:57:14.940 [info] > git rev-list --count --left-right refs/heads/main...refs/remotes/origin/main [2ms]
2024-06-29 17:57:14.947 [info] > git diff --name-status -z --diff-filter=ADMR 2fcff2b115948f14bed2497711dfaacdf83fb6c6...refs/remotes/origin/main [2ms]
2024-06-29 17:57:15.014 [info] > git config --local branch.main.github-pr-owner-number [2ms]
2024-06-29 17:57:15.014 [warning] git config failed: Failed to execute git
2024-06-29 17:57:19.949 [info] > git config --get commit.template [7ms]
2024-06-29 17:57:19.951 [info] > git for-each-ref --format=%(refname)%00%(upstream:short)%00%(objectname)%00%(upstream:track)%00%(upstream:remotename)%00%(upstream:remoteref) refs/heads/main refs/remotes/main [2ms]
2024-06-29 17:57:19.956 [warning] ENOENT: no such file or directory, open '/workspace/project/.git/refs/remotes/origin/main'
2024-06-29 17:57:19.958 [info] > git rev-parse refs/remotes/origin/main [2ms]
2024-06-29 17:57:19.966 [info] > git status -z -uall [2ms]
2024-06-29 17:57:24.981 [info] > git config --get commit.template [6ms]
2024-06-29 17:57:24.983 [info] > git for-each-ref --format=%(refname)%00%(upstream:short)%00%(objectname)%00%(upstream:track)%00%(upstream:remotename)%00%(upstream:remoteref) refs/heads/main refs/remotes/main [3ms]
2024-06-29 17:57:24.988 [warning] ENOENT: no such file or directory, open '/workspace/project/.git/refs/remotes/origin/main'
2024-06-29 17:57:24.990 [info] > git rev-parse refs/remotes/origin/main [2ms]
2024-06-29 17:57:24.998 [info] > git status -z -uall [3ms]
2024-06-29 18:00:45.046 [info] > git config --get commit.template [6ms]
2024-06-29 18:00:45.047 [info] > git for-each-ref --format=%(refname)%00%(upstream:short)%00%(objectname)%00%(upstream:track)%00%(upstream:remotename)%00%(upstream:remoteref) refs/heads/main refs/remotes/main [2ms]
2024-06-29 18:00:45.052 [warning] ENOENT: no such file or directory, open '/workspace/project/.git/refs/remotes/origin/main'
2024-06-29 18:00:45.053 [info] > git rev-parse refs/remotes/origin/main [1ms]
2024-06-29 18:00:45.060 [info] > git status -z -uall [2ms]
2024-06-29 18:01:00.504 [info] > git config --get commit.template [6ms]
2024-06-29 18:01:00.506 [info] > git for-each-ref --format=%(refname)%00%(upstream:short)%00%(objectname)%00%(upstream:track)%00%(upstream:remotename)%00%(upstream:remoteref) refs/heads/main refs/remotes/main [2ms]
2024-06-29 18:01:00.511 [warning] ENOENT: no such file or directory, open '/workspace/project/.git/refs/remotes/origin/main'
2024-06-29 18:01:00.512 [info] > git rev-parse refs/remotes/origin/main [1ms]
2024-06-29 18:01:00.521 [info] > git status -z -uall [3ms]
2024-06-29 18:01:05.534 [info] > git config --get commit.template [6ms]
2024-06-29 18:01:05.535 [info] > git for-each-ref --format=%(refname)%00%(upstream:short)%00%(objectname)%00%(upstream:track)%00%(upstream:remotename)%00%(upstream:remoteref) refs/heads/main refs/remotes/main [2ms]
2024-06-29 18:01:05.540 [warning] ENOENT: no such file or directory, open '/workspace/project/.git/refs/remotes/origin/main'
2024-06-29 18:01:05.542 [info] > git rev-parse refs/remotes/origin/main [2ms]
2024-06-29 18:01:05.549 [info] > git status -z -uall [2ms]
2024-06-29 18:01:18.758 [info] > git config --get commit.template [6ms]
2024-06-29 18:01:18.759 [info] > git for-each-ref --format=%(refname)%00%(upstream:short)%00%(objectname)%00%(upstream:track)%00%(upstream:remotename)%00%(upstream:remoteref) refs/heads/main refs/remotes/main [2ms]
2024-06-29 18:01:18.764 [warning] ENOENT: no such file or directory, open '/workspace/project/.git/refs/remotes/origin/main'
2024-06-29 18:01:18.765 [info] > git rev-parse refs/remotes/origin/main [1ms]
2024-06-29 18:01:18.772 [info] > git status -z -uall [2ms]
2024-06-29 18:01:29.128 [info] > git config --get commit.template [5ms]
2024-06-29 18:01:29.130 [info] > git for-each-ref --format=%(refname)%00%(upstream:short)%00%(objectname)%00%(upstream:track)%00%(upstream:remotename)%00%(upstream:remoteref) refs/heads/main refs/remotes/main [2ms]
2024-06-29 18:01:29.135 [warning] ENOENT: no such file or directory, open '/workspace/project/.git/refs/remotes/origin/main'
2024-06-29 18:01:29.136 [info] > git rev-parse refs/remotes/origin/main [1ms]
2024-06-29 18:01:29.143 [info] > git status -z -uall [2ms]
2024-06-29 18:01:56.685 [info] > git config --local branch.main.github-pr-owner-number [2ms]
2024-06-29 18:01:56.685 [warning] git config failed: Failed to execute git
2024-06-29 18:06:56.694 [info] > git config --local branch.main.github-pr-owner-number [2ms]
2024-06-29 18:06:56.694 [warning] git config failed: Failed to execute git
2024-06-29 18:11:56.702 [info] > git config --local branch.main.github-pr-owner-number [1ms]
2024-06-29 18:11:56.703 [warning] git config failed: Failed to execute git
2024-06-29 18:16:56.711 [info] > git config --local branch.main.github-pr-owner-number [2ms]
2024-06-29 18:16:56.711 [warning] git config failed: Failed to execute git
2024-06-29 18:21:56.719 [info] > git config --local branch.main.github-pr-owner-number [1ms]
2024-06-29 18:21:56.719 [warning] git config failed: Failed to execute git
2024-06-29 18:26:56.728 [info] > git config --local branch.main.github-pr-owner-number [1ms]
2024-06-29 18:26:56.728 [warning] git config failed: Failed to execute git
2024-06-29 18:31:56.737 [info] > git config --local branch.main.github-pr-owner-number [1ms]
2024-06-29 18:31:56.737 [warning] git config failed: Failed to execute git
2024-06-29 18:36:56.744 [info] > git config --local branch.main.github-pr-owner-number [1ms]
2024-06-29 18:36:56.745 [warning] git config failed: Failed to execute git
2024-06-29 18:41:56.752 [info] > git config --local branch.main.github-pr-owner-number [2ms]
2024-06-29 18:41:56.752 [warning] git config failed: Failed to execute git
2024-06-29 18:46:56.760 [info] > git config --local branch.main.github-pr-owner-number [2ms]
2024-06-29 18:46:56.760 [warning] git config failed: Failed to execute git
2024-06-29 18:51:56.769 [info] > git config --local branch.main.github-pr-owner-number [2ms]
2024-06-29 18:51:56.769 [warning] git config failed: Failed to execute git
2024-06-29 18:56:56.777 [info] > git config --local branch.main.github-pr-owner-number [2ms]
2024-06-29 18:56:56.777 [warning] git config failed: Failed to execute git
2024-06-29 18:57:59.072 [info] > git show --textconv :atomic_mass.txt [7ms]
2024-06-29 18:57:59.072 [info] > git ls-files --stage -- /workspace/project/atomic_mass.txt [1ms]
2024-06-29 18:57:59.079 [info] > git cat-file -s 42650e0582bb453f8090a791c798ba957fba4635 [2ms]
2024-06-29 18:58:30.262 [info] > git show --textconv :atomic_mass.txt [6ms]
2024-06-29 18:58:30.263 [info] > git ls-files --stage -- /workspace/project/atomic_mass.txt [2ms]
2024-06-29 18:58:30.269 [info] > git cat-file -s 42650e0582bb453f8090a791c798ba957fba4635 [2ms]
2024-06-29 18:58:53.881 [info] > git config --get commit.template [6ms]
2024-06-29 18:58:53.883 [info] > git for-each-ref --format=%(refname)%00%(upstream:short)%00%(objectname)%00%(upstream:track)%00%(upstream:remotename)%00%(upstream:remoteref) refs/heads/main refs/remotes/main [2ms]
2024-06-29 18:58:53.889 [warning] ENOENT: no such file or directory, open '/workspace/project/.git/refs/remotes/origin/main'
2024-06-29 18:58:53.891 [info] > git rev-parse refs/remotes/origin/main [2ms]
2024-06-29 18:58:53.898 [info] > git status -z -uall [2ms]
2024-06-29 18:58:56.347 [info] > git ls-files --stage -- /workspace/project/atomic_mass.txt [1ms]
2024-06-29 18:58:56.353 [info] > git cat-file -s 42650e0582bb453f8090a791c798ba957fba4635 [2ms]
2024-06-29 18:58:56.434 [info] > git show --textconv :atomic_mass.txt [2ms]
2024-06-29 18:58:58.912 [info] > git config --get commit.template [6ms]
2024-06-29 18:58:58.914 [info] > git for-each-ref --format=%(refname)%00%(upstream:short)%00%(objectname)%00%(upstream:track)%00%(upstream:remotename)%00%(upstream:remoteref) refs/heads/main refs/remotes/main [2ms]
2024-06-29 18:58:58.919 [warning] ENOENT: no such file or directory, open '/workspace/project/.git/refs/remotes/origin/main'
2024-06-29 18:58:58.920 [info] > git rev-parse refs/remotes/origin/main [1ms]
2024-06-29 18:58:58.927 [info] > git status -z -uall [2ms]
2024-06-29 18:59:01.295 [info] > git ls-files --stage -- /workspace/project/atomic_mass.txt [2ms]
2024-06-29 18:59:01.302 [info] > git cat-file -s 42650e0582bb453f8090a791c798ba957fba4635 [2ms]
2024-06-29 18:59:01.379 [info] > git show --textconv :atomic_mass.txt [2ms]
2024-06-29 18:59:03.941 [info] > git config --get commit.template [5ms]
2024-06-29 18:59:03.943 [info] > git for-each-ref --format=%(refname)%00%(upstream:short)%00%(objectname)%00%(upstream:track)%00%(upstream:remotename)%00%(upstream:remoteref) refs/heads/main refs/remotes/main [2ms]
2024-06-29 18:59:03.947 [warning] ENOENT: no such file or directory, open '/workspace/project/.git/refs/remotes/origin/main'
2024-06-29 18:59:03.949 [info] > git rev-parse refs/remotes/origin/main [2ms]
2024-06-29 18:59:03.956 [info] > git status -z -uall [2ms]
2024-06-29 19:01:56.784 [info] > git config --local branch.main.github-pr-owner-number [1ms]
2024-06-29 19:01:56.784 [warning] git config failed: Failed to execute git
2024-06-29 19:03:51.947 [info] > git config --get commit.template [6ms]
2024-06-29 19:03:51.949 [info] > git for-each-ref --format=%(refname)%00%(upstream:short)%00%(objectname)%00%(upstream:track)%00%(upstream:remotename)%00%(upstream:remoteref) refs/heads/main refs/remotes/main [3ms]
2024-06-29 19:03:51.954 [warning] ENOENT: no such file or directory, open '/workspace/project/.git/refs/remotes/origin/main'
2024-06-29 19:03:51.955 [info] > git rev-parse refs/remotes/origin/main [1ms]
2024-06-29 19:03:51.963 [info] > git status -z -uall [3ms]
2024-06-29 19:03:55.643 [info] > git check-ignore -v -z --stdin [2ms]
2024-06-29 19:03:56.977 [info] > git config --get commit.template [6ms]
2024-06-29 19:03:56.979 [info] > git for-each-ref --format=%(refname)%00%(upstream:short)%00%(objectname)%00%(upstream:track)%00%(upstream:remotename)%00%(upstream:remoteref) refs/heads/main refs/remotes/main [3ms]
2024-06-29 19:03:56.984 [warning] ENOENT: no such file or directory, open '/workspace/project/.git/refs/remotes/origin/main'
2024-06-29 19:03:56.985 [info] > git rev-parse refs/remotes/origin/main [1ms]
2024-06-29 19:03:56.993 [info] > git status -z -uall [2ms]
2024-06-29 19:04:06.232 [info] > git config --get commit.template [6ms]
2024-06-29 19:04:06.234 [info] > git for-each-ref --format=%(refname)%00%(upstream:short)%00%(objectname)%00%(upstream:track)%00%(upstream:remotename)%00%(upstream:remoteref) refs/heads/main refs/remotes/main [3ms]
2024-06-29 19:04:06.239 [warning] ENOENT: no such file or directory, open '/workspace/project/.git/refs/remotes/origin/main'
2024-06-29 19:04:06.240 [info] > git rev-parse refs/remotes/origin/main [1ms]
2024-06-29 19:04:06.248 [info] > git status -z -uall [3ms]
