2024-06-29 17:56:54.924 [info] Log level: Info
2024-06-29 17:56:54.924 [info] VSCODE_MACHINE_ID: d3628d91-e6ec-419b-9c25-bc701669b84f
2024-06-29 17:56:54.924 [info] VSCODE_SESSION_ID: 4033cd75-1aea-44f1-8841-81f2b1b6afd11719683812117
2024-06-29 17:56:54.924 [info] VSCODE_VERSION: 1.90.2
2024-06-29 17:56:54.924 [info] VSCODE_APP_NAME: Gitpod Code
2024-06-29 17:56:54.924 [info] VSCODE_APP_HOST: Gitpod
2024-06-29 17:56:54.924 [info] VSCODE_UI_KIND: web
2024-06-29 17:56:54.924 [info] GITPOD_WORKSPACE_CONTEXT_URL: https://github.com/freeCodeCamp/learn-periodic-table-database
2024-06-29 17:56:54.924 [info] GITPOD_INSTANCE_ID: 7051fa3f-525a-4b60-b954-3b34080dacbc
2024-06-29 17:56:54.924 [info] GITPOD_WORKSPACE_URL: https://freecodecam-learnperiod-664atuahh8v.ws-us114.gitpod.io
2024-06-29 17:56:54.924 [info] Gitpod Web 7ff72a2
2024-06-29 17:56:54.924 [info] Reading sessions from keychain...
2024-06-29 17:56:55.000 [info] Getting sessions for all scopes...
2024-06-29 17:56:55.000 [info] Getting GitHub sessions for all scopes...
2024-06-29 17:56:55.000 [info] Getting sessions for function:accessCodeSyncStorage...
2024-06-29 17:56:55.000 [info] Got stored sessions!
2024-06-29 17:56:55.000 [info] Verified session with the following scopes: function:accessCodeSyncStorage function:closePort function:controlAdmission function:deleteEnvVar function:generateNewGitpodToken function:getDefaultWorkspaceImage function:getEnvVars function:getGitpodTokenScopes function:getIDToken function:getLoggedInUser function:getOpenPorts function:getSupportedWorkspaceClasses function:getTeams function:getToken function:getWorkspace function:getWorkspaceEnvVars function:getWorkspaceOwner function:getWorkspaceTimeout function:getWorkspaceUsers function:guessGitTokenScopes function:isWorkspaceOwner function:openPort function:sendHeartBeat function:setEnvVar function:setWorkspaceTimeout function:stopWorkspace function:takeSnapshot function:trackEvent function:updateGitStatus function:waitForSnapshot resource:contentBlob::*::create/get resource:envVar::freeCodeCamp/learn-periodic-table-database::create/get/update/delete resource:gitpodToken::*::create resource:snapshot::ws-freecodecam-learnperiod-664atuahh8v::create resource:token::*::get resource:userStorage::*::create/get/update resource:workspace::freecodecam-learnperiod-664atuahh8v::get/update resource:workspaceInstance::7051fa3f-525a-4b60-b954-3b34080dacbc::get/update/delete
2024-06-29 17:56:55.001 [info] Got 1 verified sessions.
2024-06-29 17:56:55.001 [info] Got 1 sessions for all scopes...
2024-06-29 17:56:55.001 [info] Got 1 sessions for function:accessCodeSyncStorage...
2024-06-29 17:56:55.173 [info] Getting sessions for all scopes...
2024-06-29 17:56:55.174 [info] Got 1 sessions for all scopes...
2024-06-29 17:56:55.228 [info] Got 1 GitHub sessions for all scopes...
2024-06-29 17:56:55.557 [info] Getting GitHub sessions for all scopes...
2024-06-29 17:56:55.557 [info] Got 1 GitHub sessions for all scopes...
2024-06-29 17:56:55.633 [info] Getting GitHub sessions for read:user,repo,user:email,workflow...
2024-06-29 17:56:55.633 [info] Got 0 GitHub sessions for read:user,repo,user:email,workflow...
2024-06-29 17:56:55.856 [info] Getting GitHub sessions for project,read:org,read:user,repo,user:email,workflow...
2024-06-29 17:56:55.856 [info] Got 0 GitHub sessions for project,read:org,read:user,repo,user:email,workflow...
2024-06-29 17:56:56.071 [info] Getting GitHub sessions for read:user,repo,user:email,workflow...
2024-06-29 17:56:56.071 [info] Got 0 GitHub sessions for read:user,repo,user:email,workflow...
2024-06-29 17:56:56.359 [info] Getting GitHub sessions for read:user,repo,user:email...
2024-06-29 17:56:56.359 [info] Got 0 GitHub sessions for read:user,repo,user:email...
2024-06-29 17:56:56.596 [info] Getting GitHub sessions for read:user,repo,user:email,workflow...
2024-06-29 17:56:56.596 [info] Got 0 GitHub sessions for read:user,repo,user:email,workflow...
2024-06-29 18:00:02.551 [info] Getting GitHub sessions for project,read:org,read:user,repo,user:email,workflow...
2024-06-29 18:00:02.551 [info] Got 0 GitHub sessions for project,read:org,read:user,repo,user:email,workflow...
2024-06-29 18:00:02.760 [info] Getting GitHub sessions for read:user,repo,user:email,workflow...
2024-06-29 18:00:02.760 [info] Got 0 GitHub sessions for read:user,repo,user:email,workflow...
2024-06-29 18:00:02.968 [info] Getting GitHub sessions for read:user,repo,user:email...
2024-06-29 18:00:02.968 [info] Got 0 GitHub sessions for read:user,repo,user:email...
2024-06-29 18:00:03.178 [info] Getting GitHub sessions for read:user,repo,user:email,workflow...
2024-06-29 18:00:03.178 [info] Got 0 GitHub sessions for read:user,repo,user:email,workflow...
2024-06-29 18:00:05.433 [error] GitHub sign in failed:  5 NOT_FOUND: no token available
